<?xml version="1.0" encoding="UTF-8"?>
<!-- Generated by org.testng.reporters.JUnitXMLReporter -->
<testsuite ignored="0" hostname="DESKTOP-OV98C38" failures="0" tests="7" name="Test" time="16.488" errors="0" timestamp="2025-08-13T11:56:20 IST">
  <testcase classname="Testcase.AuthRequest" name="post" time="12.298"/>
  <testcase classname="Testcase.TokenRequest" name="post1" time="0.33"/>
  <testcase classname="Testcase.PostAddRequest" name="add" time="2.101"/>
  <testcase classname="Testcase.GetListRequest" name="getList" time="0.44"/>
  <testcase classname="Testcase.GetIdRequest" name="getId" time="0.276"/>
  <testcase classname="Testcase.GetClassRequest" name="getclass" time="0.288"/>
  <testcase classname="Testcase.DeleteIdRequest" name="deleteId" time="0.417"/>
</testsuite> <!-- Test -->
