<?xml version="1.0" encoding="UTF-8"?>
<testsuite xmlns:xsi="http://www.w3.org/2001/XMLSchema-instance" xsi:noNamespaceSchemaLocation="https://maven.apache.org/surefire/maven-surefire-plugin/xsd/surefire-test-report-3.0.xsd" version="3.0" name="TestRunner.TestNGRunner" time="73.493" tests="7" errors="0" skipped="0" failures="0">
  <properties>
[...]
</properties>
  <testcase name="runScenario[&quot;To validate the authpost request&quot;, &quot;To validate the rahul sheety endpoints with the given request&quot;](1)" classname="TestRunner.TestNGRunner" time="33.804">
    <system-out><![CDATA[
Scenario: To validate the authpost request    # src/test/resources/Features/requests.feature:3
Base URI set and ready for Authpost request
  Given Enter the baseuri and Authpostrequest # Stepdefinitions.AuthStep.enter_baseuri_and_authpostrequest()
Request method:	POST
Request URI:	https://webapps.tekstac.com/OAuthRestApi/webapi/auth/login
Proxy:			<none>
Request params:	<none>
Query params:	<none>
Form params:	username=user1
				password=pass123
Path params:	<none>
Headers:		Accept=application/json
				Content-Type=application/x-www-form-urlencoded; charset=ISO-8859-1
Cookies:		<none>
Multiparts:		<none>
Body:			<none>
Request method:	POST
Request URI:	https://webapps.tekstac.com/OAuthRestApi/webapi/auth/login
Proxy:			<none>
Request params:	<none>
Query params:	<none>
Form params:	username=user1
				password=pass123
Path params:	<none>
Headers:		Accept=application/json
				Content-Type=application/x-www-form-urlencoded; charset=ISO-8859-1
Cookies:		<none>
Multiparts:		<none>
Body:			<none>
HTTP/1.1 200 
Content-Type: application/json
Content-Length: 38
Date: Wed, 13 Aug 2025 08:53:50 GMT
Keep-Alive: timeout=60
Connection: keep-alive

{
    "auth_code": "08rtJqgDdCDc_MPNYg7Wlw"
}
HTTP/1.1 200 
Content-Type: application/json
Content-Length: 38
Date: Wed, 13 Aug 2025 08:53:50 GMT
Keep-Alive: timeout=60
Connection: keep-alive

{
    "auth_code": "08rtJqgDdCDc_MPNYg7Wlw"
}
Status Code (Auth Code): 200
*************************
Auth Code: 08rtJqgDdCDc_MPNYg7Wlw
  When Send the Authpost request              # Stepdefinitions.AuthStep.send_the_authpost_request()
Response validated
  Then Validate the auth response             # Stepdefinitions.AuthStep.validate_the_response()
Results logged
  And Log the auth results                    # Stepdefinitions.AuthStep.log_the_results()
]]></system-out>
    <system-err><![CDATA[SLF4J(W): No SLF4J providers were found.
SLF4J(W): Defaulting to no-operation (NOP) logger implementation
SLF4J(W): See https://www.slf4j.org/codes.html#noProviders for further details.
SLF4J(W): Class path contains SLF4J bindings targeting slf4j-api versions 1.7.x or earlier.
SLF4J(W): Ignoring binding found at [jar:file:/C:/Windows/system32/config/systemprofile/.m2/repository/org/apache/logging/log4j/log4j-slf4j-impl/2.22.1/log4j-slf4j-impl-2.22.1.jar!/org/slf4j/impl/StaticLoggerBinder.class]
SLF4J(W): See https://www.slf4j.org/codes.html#ignoredBindings for an explanation.
]]></system-err>
  </testcase>
  <testcase name="runScenario[&quot;to validate the tokenpost request&quot;, &quot;To validate the rahul sheety endpoints with the given request&quot;](2)" classname="TestRunner.TestNGRunner" time="0.404">
    <system-out><![CDATA[
Scenario: to validate the tokenpost request # src/test/resources/Features/requests.feature:9
Base URI set and ready for Token request
  Given Enter the baseuri and Tokenrequest  # Stepdefinitions.TokenStep.enter_baseuri_and_tokenrequest()
Request method:	POST
Request URI:	https://webapps.tekstac.com/OAuthRestApi/webapi/auth/token
Proxy:			<none>
Request params:	<none>
Query params:	<none>
Form params:	auth_code=08rtJqgDdCDc_MPNYg7Wlw
Path params:	<none>
Headers:		Accept=application/json
				Content-Type=application/x-www-form-urlencoded; charset=ISO-8859-1
Cookies:		<none>
Multiparts:		<none>
Body:			<none>
HTTP/1.1 200 
Content-Type: application/json
Content-Length: 62
Date: Wed, 13 Aug 2025 08:53:53 GMT
Keep-Alive: timeout=60
Connection: keep-alive

{
    "access_token": "bWOri8j3RPKG9i9sDkEV15zo78hs4nV8Qy7L2sNd9gM"
}
Status Code: 200
Token Response Body: {"access_token":"bWOri8j3RPKG9i9sDkEV15zo78hs4nV8Qy7L2sNd9gM"}
Access Token: bWOri8j3RPKG9i9sDkEV15zo78hs4nV8Qy7L2sNd9gM
  When Send the Tokenpost request           # Stepdefinitions.TokenStep.send_the_tokenpost_request()
Response validated
  Then Validate the token response          # Stepdefinitions.TokenStep.validate_the_response()
Token Response: {"access_token":"bWOri8j3RPKG9i9sDkEV15zo78hs4nV8Qy7L2sNd9gM"}
Access Token: bWOri8j3RPKG9i9sDkEV15zo78hs4nV8Qy7L2sNd9gM
Results logged
Results logged
  And Log the token results                 # Stepdefinitions.TokenStep.log_the_results()
]]></system-out>
  </testcase>
  <testcase name="runScenario[&quot;to validate the addbookingpost request&quot;, &quot;To validate the rahul sheety endpoints with the given request&quot;](3)" classname="TestRunner.TestNGRunner" time="1.921">
    <system-out><![CDATA[
Scenario: to validate the addbookingpost request            # src/test/resources/Features/requests.feature:15
Base URI set and ready for Add Booking request
  Given Enter the baseuri and Addrequest                    # Stepdefinitions.AddBookingStep.enter_baseuri_and_addrequest()
Request method:	POST
Request URI:	https://webapps.tekstac.com/TrainAPI/BookingService/addBooking
Proxy:			<none>
Request params:	<none>
Query params:	<none>
Form params:	bookingId=15
				bookingDate=01/01/2022
				departCity=Coimbatore
				arrivalCity=Chennai
				passengerCount=3
				trainName=Chennai Express
				passengerName=Sam
				trainClass=THIRDAC
				ticketType=GENERAL
Path params:	<none>
Headers:		Authorization=Bearer bWOri8j3RPKG9i9sDkEV15zo78hs4nV8Qy7L2sNd9gM
				Accept=application/json
				Content-Type=application/x-www-form-urlencoded; charset=ISO-8859-1
Cookies:		<none>
Multiparts:		<none>
Body:			<none>
HTTP/1.1 200 
Content-Type: application/json
Content-Length: 640
Date: Wed, 13 Aug 2025 08:53:54 GMT
Keep-Alive: timeout=60
Connection: keep-alive

[
    {
        "bookingId": 1001,
        "bookingDate": "23/11/2021",
        "departCity": "Chennai",
        "arrivalCity": "Coimbatore",
        "passengerCount": 1,
        "trainName": "Chennai Express",
        "passengerName": "Rakesh",
        "trainClass": "SLEEPER",
        "ticketType": "GENERAL"
    },
    {
        "bookingId": 3101,
        "bookingDate": "24/12/2021",
        "departCity": "Chennai",
        "arrivalCity": "Madurai",
        "passengerCount": 1,
        "trainName": "Madurai Express",
        "passengerName": "Priya",
        "trainClass": "THIRDAC",
        "ticketType": "GENERAL"
    },
    {
        "bookingId": 15,
        "bookingDate": "01/01/2022",
        "departCity": "Coimbatore",
        "arrivalCity": "Chennai",
        "passengerCount": 3,
        "trainName": "Chennai Express",
        "passengerName": "Sam",
        "trainClass": "THIRDAC",
        "ticketType": "GENERAL"
    }
]
HTTP/1.1 200 
Content-Type: application/json
Content-Length: 640
Date: Wed, 13 Aug 2025 08:53:54 GMT
Keep-Alive: timeout=60
Connection: keep-alive

[
    {
        "bookingId": 1001,
        "bookingDate": "23/11/2021",
        "departCity": "Chennai",
        "arrivalCity": "Coimbatore",
        "passengerCount": 1,
        "trainName": "Chennai Express",
        "passengerName": "Rakesh",
        "trainClass": "SLEEPER",
        "ticketType": "GENERAL"
    },
    {
        "bookingId": 3101,
        "bookingDate": "24/12/2021",
        "departCity": "Chennai",
        "arrivalCity": "Madurai",
        "passengerCount": 1,
        "trainName": "Madurai Express",
        "passengerName": "Priya",
        "trainClass": "THIRDAC",
        "ticketType": "GENERAL"
    },
    {
        "bookingId": 15,
        "bookingDate": "01/01/2022",
        "departCity": "Coimbatore",
        "arrivalCity": "Chennai",
        "passengerCount": 3,
        "trainName": "Chennai Express",
        "passengerName": "Sam",
        "trainClass": "THIRDAC",
        "ticketType": "GENERAL"
    }
]
Status Code (Add Booking): 200
Add Booking Response Body: [{"bookingId":1001,"bookingDate":"23/11/2021","departCity":"Chennai","arrivalCity":"Coimbatore","passengerCount":1,"trainName":"Chennai Express","passengerName":"Rakesh","trainClass":"SLEEPER","ticketType":"GENERAL"},{"bookingId":3101,"bookingDate":"24/12/2021","departCity":"Chennai","arrivalCity":"Madurai","passengerCount":1,"trainName":"Madurai Express","passengerName":"Priya","trainClass":"THIRDAC","ticketType":"GENERAL"},{"bookingId":15,"bookingDate":"01/01/2022","departCity":"Coimbatore","arrivalCity":"Chennai","passengerCount":3,"trainName":"Chennai Express","passengerName":"Sam","trainClass":"THIRDAC","ticketType":"GENERAL"}]
Request method:	POST
Request URI:	https://webapps.tekstac.com/TrainAPI/BookingService/addBooking
Proxy:			<none>
Request params:	<none>
Query params:	<none>
Form params:	bookingId=16
				bookingDate=02/01/2022
				departCity=Madurai
				arrivalCity=Chennai
				passengerCount=1
				trainName=Madurai Express
				passengerName=Priya
				trainClass=SLEEPER
				ticketType=GENERAL
Path params:	<none>
Headers:		Authorization=Bearer bWOri8j3RPKG9i9sDkEV15zo78hs4nV8Qy7L2sNd9gM
				Accept=application/json
				Content-Type=application/x-www-form-urlencoded; charset=ISO-8859-1
Cookies:		<none>
Multiparts:		<none>
Body:			<none>
HTTP/1.1 200 
Content-Type: application/json
Content-Length: 639
Date: Wed, 13 Aug 2025 08:53:54 GMT
Keep-Alive: timeout=60
Connection: keep-alive

[
    {
        "bookingId": 1001,
        "bookingDate": "23/11/2021",
        "departCity": "Chennai",
        "arrivalCity": "Coimbatore",
        "passengerCount": 1,
        "trainName": "Chennai Express",
        "passengerName": "Rakesh",
        "trainClass": "SLEEPER",
        "ticketType": "GENERAL"
    },
    {
        "bookingId": 3101,
        "bookingDate": "24/12/2021",
        "departCity": "Chennai",
        "arrivalCity": "Madurai",
        "passengerCount": 1,
        "trainName": "Madurai Express",
        "passengerName": "Priya",
        "trainClass": "THIRDAC",
        "ticketType": "GENERAL"
    },
    {
        "bookingId": 16,
        "bookingDate": "02/01/2022",
        "departCity": "Madurai",
        "arrivalCity": "Chennai",
        "passengerCount": 1,
        "trainName": "Madurai Express",
        "passengerName": "Priya",
        "trainClass": "SLEEPER",
        "ticketType": "GENERAL"
    }
]
HTTP/1.1 200 
Content-Type: application/json
Content-Length: 639
Date: Wed, 13 Aug 2025 08:53:54 GMT
Keep-Alive: timeout=60
Connection: keep-alive

[
    {
        "bookingId": 1001,
        "bookingDate": "23/11/2021",
        "departCity": "Chennai",
        "arrivalCity": "Coimbatore",
        "passengerCount": 1,
        "trainName": "Chennai Express",
        "passengerName": "Rakesh",
        "trainClass": "SLEEPER",
        "ticketType": "GENERAL"
    },
    {
        "bookingId": 3101,
        "bookingDate": "24/12/2021",
        "departCity": "Chennai",
        "arrivalCity": "Madurai",
        "passengerCount": 1,
        "trainName": "Madurai Express",
        "passengerName": "Priya",
        "trainClass": "THIRDAC",
        "ticketType": "GENERAL"
    },
    {
        "bookingId": 16,
        "bookingDate": "02/01/2022",
        "departCity": "Madurai",
        "arrivalCity": "Chennai",
        "passengerCount": 1,
        "trainName": "Madurai Express",
        "passengerName": "Priya",
        "trainClass": "SLEEPER",
        "ticketType": "GENERAL"
    }
]
Status Code (Add Booking): 200
Add Booking Response Body: [{"bookingId":1001,"bookingDate":"23/11/2021","departCity":"Chennai","arrivalCity":"Coimbatore","passengerCount":1,"trainName":"Chennai Express","passengerName":"Rakesh","trainClass":"SLEEPER","ticketType":"GENERAL"},{"bookingId":3101,"bookingDate":"24/12/2021","departCity":"Chennai","arrivalCity":"Madurai","passengerCount":1,"trainName":"Madurai Express","passengerName":"Priya","trainClass":"THIRDAC","ticketType":"GENERAL"},{"bookingId":16,"bookingDate":"02/01/2022","departCity":"Madurai","arrivalCity":"Chennai","passengerCount":1,"trainName":"Madurai Express","passengerName":"Priya","trainClass":"SLEEPER","ticketType":"GENERAL"}]
Request method:	POST
Request URI:	https://webapps.tekstac.com/TrainAPI/BookingService/addBooking
Proxy:			<none>
Request params:	<none>
Query params:	<none>
Form params:	bookingId=17
				bookingDate=03/01/2022
				departCity=Bangalore
				arrivalCity=Hyderabad
				passengerCount=2
				trainName=Bangalore Express
				passengerName=Anil
				trainClass=SECONDAC
				ticketType=GENERAL
Path params:	<none>
Headers:		Authorization=Bearer bWOri8j3RPKG9i9sDkEV15zo78hs4nV8Qy7L2sNd9gM
				Accept=application/json
				Content-Type=application/x-www-form-urlencoded; charset=ISO-8859-1
Cookies:		<none>
Multiparts:		<none>
Body:			<none>
HTTP/1.1 200 
Content-Type: application/json
Content-Length: 645
Date: Wed, 13 Aug 2025 08:53:54 GMT
Keep-Alive: timeout=60
Connection: keep-alive

[
    {
        "bookingId": 1001,
        "bookingDate": "23/11/2021",
        "departCity": "Chennai",
        "arrivalCity": "Coimbatore",
        "passengerCount": 1,
        "trainName": "Chennai Express",
        "passengerName": "Rakesh",
        "trainClass": "SLEEPER",
        "ticketType": "GENERAL"
    },
    {
        "bookingId": 3101,
        "bookingDate": "24/12/2021",
        "departCity": "Chennai",
        "arrivalCity": "Madurai",
        "passengerCount": 1,
        "trainName": "Madurai Express",
        "passengerName": "Priya",
        "trainClass": "THIRDAC",
        "ticketType": "GENERAL"
    },
    {
        "bookingId": 17,
        "bookingDate": "03/01/2022",
        "departCity": "Bangalore",
        "arrivalCity": "Hyderabad",
        "passengerCount": 2,
        "trainName": "Bangalore Express",
        "passengerName": "Anil",
        "trainClass": "SECONDAC",
        "ticketType": "GENERAL"
    }
]
HTTP/1.1 200 
Content-Type: application/json
Content-Length: 645
Date: Wed, 13 Aug 2025 08:53:54 GMT
Keep-Alive: timeout=60
Connection: keep-alive

[
    {
        "bookingId": 1001,
        "bookingDate": "23/11/2021",
        "departCity": "Chennai",
        "arrivalCity": "Coimbatore",
        "passengerCount": 1,
        "trainName": "Chennai Express",
        "passengerName": "Rakesh",
        "trainClass": "SLEEPER",
        "ticketType": "GENERAL"
    },
    {
        "bookingId": 3101,
        "bookingDate": "24/12/2021",
        "departCity": "Chennai",
        "arrivalCity": "Madurai",
        "passengerCount": 1,
        "trainName": "Madurai Express",
        "passengerName": "Priya",
        "trainClass": "THIRDAC",
        "ticketType": "GENERAL"
    },
    {
        "bookingId": 17,
        "bookingDate": "03/01/2022",
        "departCity": "Bangalore",
        "arrivalCity": "Hyderabad",
        "passengerCount": 2,
        "trainName": "Bangalore Express",
        "passengerName": "Anil",
        "trainClass": "SECONDAC",
        "ticketType": "GENERAL"
    }
]
Status Code (Add Booking): 200
Add Booking Response Body: [{"bookingId":1001,"bookingDate":"23/11/2021","departCity":"Chennai","arrivalCity":"Coimbatore","passengerCount":1,"trainName":"Chennai Express","passengerName":"Rakesh","trainClass":"SLEEPER","ticketType":"GENERAL"},{"bookingId":3101,"bookingDate":"24/12/2021","departCity":"Chennai","arrivalCity":"Madurai","passengerCount":1,"trainName":"Madurai Express","passengerName":"Priya","trainClass":"THIRDAC","ticketType":"GENERAL"},{"bookingId":17,"bookingDate":"03/01/2022","departCity":"Bangalore","arrivalCity":"Hyderabad","passengerCount":2,"trainName":"Bangalore Express","passengerName":"Anil","trainClass":"SECONDAC","ticketType":"GENERAL"}]
Request method:	POST
Request URI:	https://webapps.tekstac.com/TrainAPI/BookingService/addBooking
Proxy:			<none>
Request params:	<none>
Query params:	<none>
Form params:	bookingId=18
				bookingDate=04/01/2022
				departCity=Mumbai
				arrivalCity=Pune
				passengerCount=1
				trainName=Mumbai Local
				passengerName=Sneha
				trainClass=SLEEPER
				ticketType=GENERAL
Path params:	<none>
Headers:		Authorization=Bearer bWOri8j3RPKG9i9sDkEV15zo78hs4nV8Qy7L2sNd9gM
				Accept=application/json
				Content-Type=application/x-www-form-urlencoded; charset=ISO-8859-1
Cookies:		<none>
Multiparts:		<none>
Body:			<none>
HTTP/1.1 200 
Content-Type: application/json
Content-Length: 632
Date: Wed, 13 Aug 2025 08:53:54 GMT
Keep-Alive: timeout=60
Connection: keep-alive

[
    {
        "bookingId": 1001,
        "bookingDate": "23/11/2021",
        "departCity": "Chennai",
        "arrivalCity": "Coimbatore",
        "passengerCount": 1,
        "trainName": "Chennai Express",
        "passengerName": "Rakesh",
        "trainClass": "SLEEPER",
        "ticketType": "GENERAL"
    },
    {
        "bookingId": 3101,
        "bookingDate": "24/12/2021",
        "departCity": "Chennai",
        "arrivalCity": "Madurai",
        "passengerCount": 1,
        "trainName": "Madurai Express",
        "passengerName": "Priya",
        "trainClass": "THIRDAC",
        "ticketType": "GENERAL"
    },
    {
        "bookingId": 18,
        "bookingDate": "04/01/2022",
        "departCity": "Mumbai",
        "arrivalCity": "Pune",
        "passengerCount": 1,
        "trainName": "Mumbai Local",
        "passengerName": "Sneha",
        "trainClass": "SLEEPER",
        "ticketType": "GENERAL"
    }
]
HTTP/1.1 200 
Content-Type: application/json
Content-Length: 632
Date: Wed, 13 Aug 2025 08:53:54 GMT
Keep-Alive: timeout=60
Connection: keep-alive

[
    {
        "bookingId": 1001,
        "bookingDate": "23/11/2021",
        "departCity": "Chennai",
        "arrivalCity": "Coimbatore",
        "passengerCount": 1,
        "trainName": "Chennai Express",
        "passengerName": "Rakesh",
        "trainClass": "SLEEPER",
        "ticketType": "GENERAL"
    },
    {
        "bookingId": 3101,
        "bookingDate": "24/12/2021",
        "departCity": "Chennai",
        "arrivalCity": "Madurai",
        "passengerCount": 1,
        "trainName": "Madurai Express",
        "passengerName": "Priya",
        "trainClass": "THIRDAC",
        "ticketType": "GENERAL"
    },
    {
        "bookingId": 18,
        "bookingDate": "04/01/2022",
        "departCity": "Mumbai",
        "arrivalCity": "Pune",
        "passengerCount": 1,
        "trainName": "Mumbai Local",
        "passengerName": "Sneha",
        "trainClass": "SLEEPER",
        "ticketType": "GENERAL"
    }
]
Status Code (Add Booking): 200
Add Booking Response Body: [{"bookingId":1001,"bookingDate":"23/11/2021","departCity":"Chennai","arrivalCity":"Coimbatore","passengerCount":1,"trainName":"Chennai Express","passengerName":"Rakesh","trainClass":"SLEEPER","ticketType":"GENERAL"},{"bookingId":3101,"bookingDate":"24/12/2021","departCity":"Chennai","arrivalCity":"Madurai","passengerCount":1,"trainName":"Madurai Express","passengerName":"Priya","trainClass":"THIRDAC","ticketType":"GENERAL"},{"bookingId":18,"bookingDate":"04/01/2022","departCity":"Mumbai","arrivalCity":"Pune","passengerCount":1,"trainName":"Mumbai Local","passengerName":"Sneha","trainClass":"SLEEPER","ticketType":"GENERAL"}]
Request method:	POST
Request URI:	https://webapps.tekstac.com/TrainAPI/BookingService/addBooking
Proxy:			<none>
Request params:	<none>
Query params:	<none>
Form params:	bookingId=19
				bookingDate=05/01/2022
				departCity=Delhi
				arrivalCity=Agra
				passengerCount=4
				trainName=Agra Express
				passengerName=Rahul
				trainClass=FIRSTAC
				ticketType=GENERAL
Path params:	<none>
Headers:		Authorization=Bearer bWOri8j3RPKG9i9sDkEV15zo78hs4nV8Qy7L2sNd9gM
				Accept=application/json
				Content-Type=application/x-www-form-urlencoded; charset=ISO-8859-1
Cookies:		<none>
Multiparts:		<none>
Body:			<none>
HTTP/1.1 200 
Content-Type: application/json
Content-Length: 631
Date: Wed, 13 Aug 2025 08:53:56 GMT
Keep-Alive: timeout=60
Connection: keep-alive

[
    {
        "bookingId": 1001,
        "bookingDate": "23/11/2021",
        "departCity": "Chennai",
        "arrivalCity": "Coimbatore",
        "passengerCount": 1,
        "trainName": "Chennai Express",
        "passengerName": "Rakesh",
        "trainClass": "SLEEPER",
        "ticketType": "GENERAL"
    },
    {
        "bookingId": 3101,
        "bookingDate": "24/12/2021",
        "departCity": "Chennai",
        "arrivalCity": "Madurai",
        "passengerCount": 1,
        "trainName": "Madurai Express",
        "passengerName": "Priya",
        "trainClass": "THIRDAC",
        "ticketType": "GENERAL"
    },
    {
        "bookingId": 19,
        "bookingDate": "05/01/2022",
        "departCity": "Delhi",
        "arrivalCity": "Agra",
        "passengerCount": 4,
        "trainName": "Agra Express",
        "passengerName": "Rahul",
        "trainClass": "FIRSTAC",
        "ticketType": "GENERAL"
    }
]
HTTP/1.1 200 
Content-Type: application/json
Content-Length: 631
Date: Wed, 13 Aug 2025 08:53:56 GMT
Keep-Alive: timeout=60
Connection: keep-alive

[
    {
        "bookingId": 1001,
        "bookingDate": "23/11/2021",
        "departCity": "Chennai",
        "arrivalCity": "Coimbatore",
        "passengerCount": 1,
        "trainName": "Chennai Express",
        "passengerName": "Rakesh",
        "trainClass": "SLEEPER",
        "ticketType": "GENERAL"
    },
    {
        "bookingId": 3101,
        "bookingDate": "24/12/2021",
        "departCity": "Chennai",
        "arrivalCity": "Madurai",
        "passengerCount": 1,
        "trainName": "Madurai Express",
        "passengerName": "Priya",
        "trainClass": "THIRDAC",
        "ticketType": "GENERAL"
    },
    {
        "bookingId": 19,
        "bookingDate": "05/01/2022",
        "departCity": "Delhi",
        "arrivalCity": "Agra",
        "passengerCount": 4,
        "trainName": "Agra Express",
        "passengerName": "Rahul",
        "trainClass": "FIRSTAC",
        "ticketType": "GENERAL"
    }
]
Status Code (Add Booking): 200
Add Booking Response Body: [{"bookingId":1001,"bookingDate":"23/11/2021","departCity":"Chennai","arrivalCity":"Coimbatore","passengerCount":1,"trainName":"Chennai Express","passengerName":"Rakesh","trainClass":"SLEEPER","ticketType":"GENERAL"},{"bookingId":3101,"bookingDate":"24/12/2021","departCity":"Chennai","arrivalCity":"Madurai","passengerCount":1,"trainName":"Madurai Express","passengerName":"Priya","trainClass":"THIRDAC","ticketType":"GENERAL"},{"bookingId":19,"bookingDate":"05/01/2022","departCity":"Delhi","arrivalCity":"Agra","passengerCount":4,"trainName":"Agra Express","passengerName":"Rahul","trainClass":"FIRSTAC","ticketType":"GENERAL"}]
  When Send the Addbookingpost request with booking details # Stepdefinitions.AddBookingStep.send_the_addbookingpost_request_with_booking_details()
Response validated
Booking created with response: [{"bookingId":1001,"bookingDate":"23/11/2021","departCity":"Chennai","arrivalCity":"Coimbatore","passengerCount":1,"trainName":"Chennai Express","passengerName":"Rakesh","trainClass":"SLEEPER","ticketType":"GENERAL"},{"bookingId":3101,"bookingDate":"24/12/2021","departCity":"Chennai","arrivalCity":"Madurai","passengerCount":1,"trainName":"Madurai Express","passengerName":"Priya","trainClass":"THIRDAC","ticketType":"GENERAL"},{"bookingId":15,"bookingDate":"01/01/2022","departCity":"Coimbatore","arrivalCity":"Chennai","passengerCount":3,"trainName":"Chennai Express","passengerName":"Sam","trainClass":"THIRDAC","ticketType":"GENERAL"}]
Booking created with response: [{"bookingId":1001,"bookingDate":"23/11/2021","departCity":"Chennai","arrivalCity":"Coimbatore","passengerCount":1,"trainName":"Chennai Express","passengerName":"Rakesh","trainClass":"SLEEPER","ticketType":"GENERAL"},{"bookingId":3101,"bookingDate":"24/12/2021","departCity":"Chennai","arrivalCity":"Madurai","passengerCount":1,"trainName":"Madurai Express","passengerName":"Priya","trainClass":"THIRDAC","ticketType":"GENERAL"},{"bookingId":16,"bookingDate":"02/01/2022","departCity":"Madurai","arrivalCity":"Chennai","passengerCount":1,"trainName":"Madurai Express","passengerName":"Priya","trainClass":"SLEEPER","ticketType":"GENERAL"}]
Booking created with response: [{"bookingId":1001,"bookingDate":"23/11/2021","departCity":"Chennai","arrivalCity":"Coimbatore","passengerCount":1,"trainName":"Chennai Express","passengerName":"Rakesh","trainClass":"SLEEPER","ticketType":"GENERAL"},{"bookingId":3101,"bookingDate":"24/12/2021","departCity":"Chennai","arrivalCity":"Madurai","passengerCount":1,"trainName":"Madurai Express","passengerName":"Priya","trainClass":"THIRDAC","ticketType":"GENERAL"},{"bookingId":17,"bookingDate":"03/01/2022","departCity":"Bangalore","arrivalCity":"Hyderabad","passengerCount":2,"trainName":"Bangalore Express","passengerName":"Anil","trainClass":"SECONDAC","ticketType":"GENERAL"}]
Booking created with response: [{"bookingId":1001,"bookingDate":"23/11/2021","departCity":"Chennai","arrivalCity":"Coimbatore","passengerCount":1,"trainName":"Chennai Express","passengerName":"Rakesh","trainClass":"SLEEPER","ticketType":"GENERAL"},{"bookingId":3101,"bookingDate":"24/12/2021","departCity":"Chennai","arrivalCity":"Madurai","passengerCount":1,"trainName":"Madurai Express","passengerName":"Priya","trainClass":"THIRDAC","ticketType":"GENERAL"},{"bookingId":18,"bookingDate":"04/01/2022","departCity":"Mumbai","arrivalCity":"Pune","passengerCount":1,"trainName":"Mumbai Local","passengerName":"Sneha","trainClass":"SLEEPER","ticketType":"GENERAL"}]
Booking created with response: [{"bookingId":1001,"bookingDate":"23/11/2021","departCity":"Chennai","arrivalCity":"Coimbatore","passengerCount":1,"trainName":"Chennai Express","passengerName":"Rakesh","trainClass":"SLEEPER","ticketType":"GENERAL"},{"bookingId":3101,"bookingDate":"24/12/2021","departCity":"Chennai","arrivalCity":"Madurai","passengerCount":1,"trainName":"Madurai Express","passengerName":"Priya","trainClass":"THIRDAC","ticketType":"GENERAL"},{"bookingId":19,"bookingDate":"05/01/2022","departCity":"Delhi","arrivalCity":"Agra","passengerCount":4,"trainName":"Agra Express","passengerName":"Rahul","trainClass":"FIRSTAC","ticketType":"GENERAL"}]
All bookings validated
  Then Validate the booking response                        # Stepdefinitions.AddBookingStep.validate_the_response()
Results logged
Add Booking Response: [{"bookingId":1001,"bookingDate":"23/11/2021","departCity":"Chennai","arrivalCity":"Coimbatore","passengerCount":1,"trainName":"Chennai Express","passengerName":"Rakesh","trainClass":"SLEEPER","ticketType":"GENERAL"},{"bookingId":3101,"bookingDate":"24/12/2021","departCity":"Chennai","arrivalCity":"Madurai","passengerCount":1,"trainName":"Madurai Express","passengerName":"Priya","trainClass":"THIRDAC","ticketType":"GENERAL"},{"bookingId":15,"bookingDate":"01/01/2022","departCity":"Coimbatore","arrivalCity":"Chennai","passengerCount":3,"trainName":"Chennai Express","passengerName":"Sam","trainClass":"THIRDAC","ticketType":"GENERAL"}]
Add Booking Response: [{"bookingId":1001,"bookingDate":"23/11/2021","departCity":"Chennai","arrivalCity":"Coimbatore","passengerCount":1,"trainName":"Chennai Express","passengerName":"Rakesh","trainClass":"SLEEPER","ticketType":"GENERAL"},{"bookingId":3101,"bookingDate":"24/12/2021","departCity":"Chennai","arrivalCity":"Madurai","passengerCount":1,"trainName":"Madurai Express","passengerName":"Priya","trainClass":"THIRDAC","ticketType":"GENERAL"},{"bookingId":16,"bookingDate":"02/01/2022","departCity":"Madurai","arrivalCity":"Chennai","passengerCount":1,"trainName":"Madurai Express","passengerName":"Priya","trainClass":"SLEEPER","ticketType":"GENERAL"}]
Add Booking Response: [{"bookingId":1001,"bookingDate":"23/11/2021","departCity":"Chennai","arrivalCity":"Coimbatore","passengerCount":1,"trainName":"Chennai Express","passengerName":"Rakesh","trainClass":"SLEEPER","ticketType":"GENERAL"},{"bookingId":3101,"bookingDate":"24/12/2021","departCity":"Chennai","arrivalCity":"Madurai","passengerCount":1,"trainName":"Madurai Express","passengerName":"Priya","trainClass":"THIRDAC","ticketType":"GENERAL"},{"bookingId":17,"bookingDate":"03/01/2022","departCity":"Bangalore","arrivalCity":"Hyderabad","passengerCount":2,"trainName":"Bangalore Express","passengerName":"Anil","trainClass":"SECONDAC","ticketType":"GENERAL"}]
Add Booking Response: [{"bookingId":1001,"bookingDate":"23/11/2021","departCity":"Chennai","arrivalCity":"Coimbatore","passengerCount":1,"trainName":"Chennai Express","passengerName":"Rakesh","trainClass":"SLEEPER","ticketType":"GENERAL"},{"bookingId":3101,"bookingDate":"24/12/2021","departCity":"Chennai","arrivalCity":"Madurai","passengerCount":1,"trainName":"Madurai Express","passengerName":"Priya","trainClass":"THIRDAC","ticketType":"GENERAL"},{"bookingId":18,"bookingDate":"04/01/2022","departCity":"Mumbai","arrivalCity":"Pune","passengerCount":1,"trainName":"Mumbai Local","passengerName":"Sneha","trainClass":"SLEEPER","ticketType":"GENERAL"}]
Add Booking Response: [{"bookingId":1001,"bookingDate":"23/11/2021","departCity":"Chennai","arrivalCity":"Coimbatore","passengerCount":1,"trainName":"Chennai Express","passengerName":"Rakesh","trainClass":"SLEEPER","ticketType":"GENERAL"},{"bookingId":3101,"bookingDate":"24/12/2021","departCity":"Chennai","arrivalCity":"Madurai","passengerCount":1,"trainName":"Madurai Express","passengerName":"Priya","trainClass":"THIRDAC","ticketType":"GENERAL"},{"bookingId":19,"bookingDate":"05/01/2022","departCity":"Delhi","arrivalCity":"Agra","passengerCount":4,"trainName":"Agra Express","passengerName":"Rahul","trainClass":"FIRSTAC","ticketType":"GENERAL"}]
Results logged
  And Log the booking results                               # Stepdefinitions.AddBookingStep.log_the_results()
]]></system-out>
  </testcase>
  <testcase name="runScenario[&quot;to validate the viewbookingget request&quot;, &quot;To validate the rahul sheety endpoints with the given request&quot;](4)" classname="TestRunner.TestNGRunner" time="0.613">
    <system-out><![CDATA[
Scenario: to validate the viewbookingget request # src/test/resources/Features/requests.feature:21
Base URI set and ready for Get List request
  Given Enter the baseuri and GetListrequest     # Stepdefinitions.BookingListStep.enter_baseuri_and_getlistrequest()
Request method:	GET
Request URI:	https://webapps.tekstac.com/TrainAPI/BookingService/viewBookingList
Proxy:			<none>
Request params:	<none>
Query params:	<none>
Form params:	<none>
Path params:	<none>
Headers:		Authorization=Bearer bWOri8j3RPKG9i9sDkEV15zo78hs4nV8Qy7L2sNd9gM
				Accept=application/json
				Content-Type=application/json
Cookies:		<none>
Multiparts:		<none>
Body:			<none>
HTTP/1.1 200 
Content-Type: application/json
Content-Length: 429
Date: Wed, 13 Aug 2025 08:53:56 GMT
Keep-Alive: timeout=60
Connection: keep-alive

[
    {
        "bookingId": 1001,
        "bookingDate": "23/11/2021",
        "departCity": "Chennai",
        "arrivalCity": "Coimbatore",
        "passengerCount": 1,
        "trainName": "Chennai Express",
        "passengerName": "Rakesh",
        "trainClass": "SLEEPER",
        "ticketType": "GENERAL"
    },
    {
        "bookingId": 3101,
        "bookingDate": "24/12/2021",
        "departCity": "Chennai",
        "arrivalCity": "Madurai",
        "passengerCount": 1,
        "trainName": "Madurai Express",
        "passengerName": "Priya",
        "trainClass": "THIRDAC",
        "ticketType": "GENERAL"
    }
]
HTTP/1.1 200 
Content-Type: application/json
Content-Length: 429
Date: Wed, 13 Aug 2025 08:53:56 GMT
Keep-Alive: timeout=60
Connection: keep-alive

[
    {
        "bookingId": 1001,
        "bookingDate": "23/11/2021",
        "departCity": "Chennai",
        "arrivalCity": "Coimbatore",
        "passengerCount": 1,
        "trainName": "Chennai Express",
        "passengerName": "Rakesh",
        "trainClass": "SLEEPER",
        "ticketType": "GENERAL"
    },
    {
        "bookingId": 3101,
        "bookingDate": "24/12/2021",
        "departCity": "Chennai",
        "arrivalCity": "Madurai",
        "passengerCount": 1,
        "trainName": "Madurai Express",
        "passengerName": "Priya",
        "trainClass": "THIRDAC",
        "ticketType": "GENERAL"
    }
]
Status Code (Get Bookings): 200
Get Bookings Response:
[{"bookingId":1001,"bookingDate":"23/11/2021","departCity":"Chennai","arrivalCity":"Coimbatore","passengerCount":1,"trainName":"Chennai Express","passengerName":"Rakesh","trainClass":"SLEEPER","ticketType":"GENERAL"},{"bookingId":3101,"bookingDate":"24/12/2021","departCity":"Chennai","arrivalCity":"Madurai","passengerCount":1,"trainName":"Madurai Express","passengerName":"Priya","trainClass":"THIRDAC","ticketType":"GENERAL"}]
  When Send the GetList request                  # Stepdefinitions.BookingListStep.send_the_getlist_request()
Response validated
Response validated
  Then Validate the listofbooks response         # Stepdefinitions.BookingListStep.validate_the_response()
Results logged
  And Log the listofbooks results                # Stepdefinitions.BookingListStep.log_the_listofbooks_results()
]]></system-out>
  </testcase>
  <testcase name="runScenario[&quot;to validate the bookingidget request&quot;, &quot;To validate the rahul sheety endpoints with the given request&quot;](5)" classname="TestRunner.TestNGRunner" time="0.313">
    <system-out><![CDATA[
Scenario: to validate the bookingidget request # src/test/resources/Features/requests.feature:27
Base URI set and ready for Get By ID request
  Given Enter the baseuri and GetIdrequest     # Stepdefinitions.BookingIdStep.enter_baseuri_and_getidrequest()
Request method:	GET
Request URI:	https://webapps.tekstac.com/TrainAPI/BookingService/viewBookingById/1001
Proxy:			<none>
Request params:	<none>
Query params:	<none>
Form params:	<none>
Path params:	id=1001
Headers:		Accept=application/json
				Authorization=Bearer bWOri8j3RPKG9i9sDkEV15zo78hs4nV8Qy7L2sNd9gM
				Content-Type=application/json
Cookies:		<none>
Multiparts:		<none>
Body:			<none>
HTTP/1.1 200 
Content-Type: application/json
Content-Length: 215
Date: Wed, 13 Aug 2025 08:53:56 GMT
Keep-Alive: timeout=60
Connection: keep-alive

{
    "bookingId": 1001,
    "bookingDate": "23/11/2021",
    "departCity": "Chennai",
    "arrivalCity": "Coimbatore",
    "passengerCount": 1,
    "trainName": "Chennai Express",
    "passengerName": "Rakesh",
    "trainClass": "SLEEPER",
    "ticketType": "GENERAL"
}
Status Code (Get Bookings By Id): 200
View Booking by ID Response:
{"bookingId":1001,"bookingDate":"23/11/2021","departCity":"Chennai","arrivalCity":"Coimbatore","passengerCount":1,"trainName":"Chennai Express","passengerName":"Rakesh","trainClass":"SLEEPER","ticketType":"GENERAL"}
  When Send the GetById request with bookingId # Stepdefinitions.BookingIdStep.send_the_getbyid_request_with_bookingId()
Response validated
Response validated
  Then Validate the bookingid response         # Stepdefinitions.BookingIdStep.validate_the_response()
Booking Response: {"bookingId":1001,"bookingDate":"23/11/2021","departCity":"Chennai","arrivalCity":"Coimbatore","passengerCount":1,"trainName":"Chennai Express","passengerName":"Rakesh","trainClass":"SLEEPER","ticketType":"GENERAL"}
Results logged
  And Log the bookingid results                # Stepdefinitions.BookingIdStep.log_the_bookingid_results()
]]></system-out>
  </testcase>
  <testcase name="runScenario[&quot;to validate the bookingclassget request&quot;, &quot;To validate the rahul sheety endpoints with the given request&quot;](6)" classname="TestRunner.TestNGRunner" time="0.284">
    <system-out><![CDATA[
Scenario: to validate the bookingclassget request  # src/test/resources/Features/requests.feature:33
Base URI set and ready for Get By Class request
  Given Enter the baseuri and GetClassrequest      # Stepdefinitions.BookingClassStep.enter_baseuri_and_getclassrequest()
Request method:	GET
Request URI:	https://webapps.tekstac.com/TrainAPI/BookingService/viewBookingByClass?trainClass=SLEEPER
Proxy:			<none>
Request params:	<none>
Query params:	trainClass=SLEEPER
Form params:	<none>
Path params:	<none>
Headers:		Authorization=Bearer bWOri8j3RPKG9i9sDkEV15zo78hs4nV8Qy7L2sNd9gM
				Accept=application/json
				Content-Type=application/json
Cookies:		<none>
Multiparts:		<none>
Body:			<none>
HTTP/1.1 200 
Content-Type: application/json
Content-Length: 215
Date: Wed, 13 Aug 2025 08:53:57 GMT
Keep-Alive: timeout=60
Connection: keep-alive

{
    "bookingId": 1001,
    "bookingDate": "23/11/2021",
    "departCity": "Chennai",
    "arrivalCity": "Coimbatore",
    "passengerCount": 1,
    "trainName": "Chennai Express",
    "passengerName": "Rakesh",
    "trainClass": "SLEEPER",
    "ticketType": "GENERAL"
}
Status Code (Get Bookings By Class): 200
View Booking by Class Response:
{"bookingId":1001,"bookingDate":"23/11/2021","departCity":"Chennai","arrivalCity":"Coimbatore","passengerCount":1,"trainName":"Chennai Express","passengerName":"Rakesh","trainClass":"SLEEPER","ticketType":"GENERAL"}
  When Send the GetByClass request with trainClass # Stepdefinitions.BookingClassStep.send_the_getbyclass_request_with_trainClass()
Response validated
Response validated
  Then Validate the bookingclass response          # Stepdefinitions.BookingClassStep.validate_the_response()
Results logged
  And Log the bookingclass results                 # Stepdefinitions.BookingClassStep.log_the_bookingclass_results()
]]></system-out>
  </testcase>
  <testcase name="runScenario[&quot;to validate the deleteid request&quot;, &quot;To validate the rahul sheety endpoints with the given request&quot;](7)" classname="TestRunner.TestNGRunner" time="0.343">
    <system-out><![CDATA[
Scenario: to validate the deleteid request        # src/test/resources/Features/requests.feature:39
Base URI set and ready for Delete By ID request
  Given Enter the baseuri and DeleteIdrequest     # Stepdefinitions.DeleteIdStep.enter_baseuri_and_deleteidrequest()
Request method:	DELETE
Request URI:	https://webapps.tekstac.com/TrainAPI/BookingService/deleteBookingById/1001
Proxy:			<none>
Request params:	<none>
Query params:	<none>
Form params:	<none>
Path params:	id=1001
Headers:		Authorization=Bearer bWOri8j3RPKG9i9sDkEV15zo78hs4nV8Qy7L2sNd9gM
				Accept=application/json
				Content-Type=application/json
Cookies:		<none>
Multiparts:		<none>
Body:			<none>
HTTP/1.1 200 
Content-Type: application/json
Content-Length: 213
Date: Wed, 13 Aug 2025 08:53:57 GMT
Keep-Alive: timeout=60
Connection: keep-alive

[
    {
        "bookingId": 3101,
        "bookingDate": "24/12/2021",
        "departCity": "Chennai",
        "arrivalCity": "Madurai",
        "passengerCount": 1,
        "trainName": "Madurai Express",
        "passengerName": "Priya",
        "trainClass": "THIRDAC",
        "ticketType": "GENERAL"
    }
]
Status Code (Delete Bookings By Id): 200
Delete Booking by ID Response:
[{"bookingId":3101,"bookingDate":"24/12/2021","departCity":"Chennai","arrivalCity":"Madurai","passengerCount":1,"trainName":"Madurai Express","passengerName":"Priya","trainClass":"THIRDAC","ticketType":"GENERAL"}]
  When Send the DeleteById request with bookingId # Stepdefinitions.DeleteIdStep.send_the_deletebyid_request_with_bookingId()
Response validated
Response validated
  Then Validate the deleteid response             # Stepdefinitions.DeleteIdStep.validate_the_response()
Delete Booking Response: [{"bookingId":3101,"bookingDate":"24/12/2021","departCity":"Chennai","arrivalCity":"Madurai","passengerCount":1,"trainName":"Madurai Express","passengerName":"Priya","trainClass":"THIRDAC","ticketType":"GENERAL"}]
Results logged
  And Log the deleteid results                    # Stepdefinitions.DeleteIdStep.log_the_deleteid_results()
]]></system-out>
  </testcase>
</testsuite>