<?xml version="1.0" encoding="UTF-8"?>
<testng-results ignored="0" total="7" passed="7" failed="0" skipped="0">
  <reporter-output>
  </reporter-output>
  <suite started-at="2025-08-13T14:22:53 IST" name="Surefire suite" finished-at="2025-08-13T14:24:00 IST" duration-ms="67303">
    <groups>
      <group name="cucumber">
        <method signature="AbstractTestNGCucumberTests.runScenario(io.cucumber.testng.PickleWrapper,io.cucumber.testng.FeatureWrapper)[pri:0, instance:TestRunner.TestNGRunner@2b40ff9c]" name="runScenario" class="io.cucumber.testng.AbstractTestNGCucumberTests"/>
      </group> <!-- cucumber -->
    </groups>
    <test started-at="2025-08-13T14:22:53 IST" name="Surefire test" finished-at="2025-08-13T14:24:00 IST" duration-ms="67303">
      <class name="TestRunner.TestNGRunner">
        <test-method is-config="true" signature="setUpClass(org.testng.ITestContext)[pri:0, instance:TestRunner.TestNGRunner@2b40ff9c]" started-at="2025-08-13T14:22:53 IST" name="setUpClass" finished-at="2025-08-13T14:23:21 IST" duration-ms="27394" status="PASS">
          <params>
            <param index="0">
              <value>
                <![CDATA[org.testng.TestRunner@2bee1c13]]>
              </value>
            </param>
          </params>
          <reporter-output>
          </reporter-output>
        </test-method> <!-- setUpClass -->
        <test-method signature="runScenario(io.cucumber.testng.PickleWrapper,io.cucumber.testng.FeatureWrapper)[pri:0, instance:TestRunner.TestNGRunner@2b40ff9c]" started-at="2025-08-13T14:23:21 IST" name="runScenario" description="Runs Cucumber Scenarios" data-provider="scenarios" finished-at="2025-08-13T14:23:55 IST" duration-ms="33797" status="PASS">
          <params>
            <param index="0">
              <value>
                <![CDATA["To validate the authpost request"]]>
              </value>
            </param>
            <param index="1">
              <value>
                <![CDATA["To validate the rahul sheety endpoints with the given request"]]>
              </value>
            </param>
          </params>
          <reporter-output>
          </reporter-output>
        </test-method> <!-- runScenario -->
        <test-method signature="runScenario(io.cucumber.testng.PickleWrapper,io.cucumber.testng.FeatureWrapper)[pri:0, instance:TestRunner.TestNGRunner@2b40ff9c]" started-at="2025-08-13T14:23:55 IST" name="runScenario" description="Runs Cucumber Scenarios" data-provider="scenarios" finished-at="2025-08-13T14:23:55 IST" duration-ms="412" status="PASS">
          <params>
            <param index="0">
              <value>
                <![CDATA["to validate the tokenpost request"]]>
              </value>
            </param>
            <param index="1">
              <value>
                <![CDATA["To validate the rahul sheety endpoints with the given request"]]>
              </value>
            </param>
          </params>
          <reporter-output>
          </reporter-output>
        </test-method> <!-- runScenario -->
        <test-method signature="runScenario(io.cucumber.testng.PickleWrapper,io.cucumber.testng.FeatureWrapper)[pri:0, instance:TestRunner.TestNGRunner@2b40ff9c]" started-at="2025-08-13T14:23:55 IST" name="runScenario" description="Runs Cucumber Scenarios" data-provider="scenarios" finished-at="2025-08-13T14:23:57 IST" duration-ms="1915" status="PASS">
          <params>
            <param index="0">
              <value>
                <![CDATA["to validate the addbookingpost request"]]>
              </value>
            </param>
            <param index="1">
              <value>
                <![CDATA["To validate the rahul sheety endpoints with the given request"]]>
              </value>
            </param>
          </params>
          <reporter-output>
          </reporter-output>
        </test-method> <!-- runScenario -->
        <test-method signature="runScenario(io.cucumber.testng.PickleWrapper,io.cucumber.testng.FeatureWrapper)[pri:0, instance:TestRunner.TestNGRunner@2b40ff9c]" started-at="2025-08-13T14:23:57 IST" name="runScenario" description="Runs Cucumber Scenarios" data-provider="scenarios" finished-at="2025-08-13T14:23:58 IST" duration-ms="620" status="PASS">
          <params>
            <param index="0">
              <value>
                <![CDATA["to validate the viewbookingget request"]]>
              </value>
            </param>
            <param index="1">
              <value>
                <![CDATA["To validate the rahul sheety endpoints with the given request"]]>
              </value>
            </param>
          </params>
          <reporter-output>
          </reporter-output>
        </test-method> <!-- runScenario -->
        <test-method signature="runScenario(io.cucumber.testng.PickleWrapper,io.cucumber.testng.FeatureWrapper)[pri:0, instance:TestRunner.TestNGRunner@2b40ff9c]" started-at="2025-08-13T14:23:58 IST" name="runScenario" description="Runs Cucumber Scenarios" data-provider="scenarios" finished-at="2025-08-13T14:23:58 IST" duration-ms="299" status="PASS">
          <params>
            <param index="0">
              <value>
                <![CDATA["to validate the bookingidget request"]]>
              </value>
            </param>
            <param index="1">
              <value>
                <![CDATA["To validate the rahul sheety endpoints with the given request"]]>
              </value>
            </param>
          </params>
          <reporter-output>
          </reporter-output>
        </test-method> <!-- runScenario -->
        <test-method signature="runScenario(io.cucumber.testng.PickleWrapper,io.cucumber.testng.FeatureWrapper)[pri:0, instance:TestRunner.TestNGRunner@2b40ff9c]" started-at="2025-08-13T14:23:58 IST" name="runScenario" description="Runs Cucumber Scenarios" data-provider="scenarios" finished-at="2025-08-13T14:23:58 IST" duration-ms="287" status="PASS">
          <params>
            <param index="0">
              <value>
                <![CDATA["to validate the bookingclassget request"]]>
              </value>
            </param>
            <param index="1">
              <value>
                <![CDATA["To validate the rahul sheety endpoints with the given request"]]>
              </value>
            </param>
          </params>
          <reporter-output>
          </reporter-output>
        </test-method> <!-- runScenario -->
        <test-method signature="runScenario(io.cucumber.testng.PickleWrapper,io.cucumber.testng.FeatureWrapper)[pri:0, instance:TestRunner.TestNGRunner@2b40ff9c]" started-at="2025-08-13T14:23:58 IST" name="runScenario" description="Runs Cucumber Scenarios" data-provider="scenarios" finished-at="2025-08-13T14:23:59 IST" duration-ms="339" status="PASS">
          <params>
            <param index="0">
              <value>
                <![CDATA["to validate the deleteid request"]]>
              </value>
            </param>
            <param index="1">
              <value>
                <![CDATA["To validate the rahul sheety endpoints with the given request"]]>
              </value>
            </param>
          </params>
          <reporter-output>
          </reporter-output>
        </test-method> <!-- runScenario -->
        <test-method is-config="true" signature="tearDownClass()[pri:0, instance:TestRunner.TestNGRunner@2b40ff9c]" started-at="2025-08-13T14:23:59 IST" name="tearDownClass" finished-at="2025-08-13T14:24:00 IST" duration-ms="1788" status="PASS">
          <reporter-output>
          </reporter-output>
        </test-method> <!-- tearDownClass -->
      </class> <!-- TestRunner.TestNGRunner -->
    </test> <!-- Surefire test -->
  </suite> <!-- Surefire suite -->
</testng-results>
